[  6%] Building CXX object CMakeFiles/Multiplierless.dir/source/csd.cpp.o
Warning: include-what-you-use reported diagnostics:

/data/data/com.termux/files/home/github/multiplierless-cpp/source/csd.cpp should add these lines:
#include <iosfwd>  // for string

/data/data/com.termux/files/home/github/multiplierless-cpp/source/csd.cpp should remove these lines:

The full include-list for /data/data/com.termux/files/home/github/multiplierless-cpp/source/csd.cpp:
#include <cmath>   // for fabs, pow, ceil, log2
#include <iosfwd>  // for string
#include <string>  // for basic_string
---

[ 13%] Building CXX object CMakeFiles/Multiplierless.dir/source/csdlowpass_oracle.cpp.o
Warning: include-what-you-use reported diagnostics:

/data/data/com.termux/files/home/github/multiplierless-cpp/include/multiplierless/csdlowpass_oracle.hpp should add these lines:
#include <tuple>                        // for tuple
#include <type_traits>                  // for move
#include <xtensor/xlayout.hpp>          // for layout_type, layout_type::row...
#include <xtensor/xtensor_forward.hpp>  // for xarray

/data/data/com.termux/files/home/github/multiplierless-cpp/include/multiplierless/csdlowpass_oracle.hpp should remove these lines:

The full include-list for /data/data/com.termux/files/home/github/multiplierless-cpp/include/multiplierless/csdlowpass_oracle.hpp:
#include <tuple>                        // for tuple
#include <type_traits>                  // for move
#include <xtensor/xlayout.hpp>          // for layout_type, layout_type::row...
#include <xtensor/xtensor_forward.hpp>  // for xarray
#include "lowpass_oracle.hpp"           // for lowpass_oracle
---

/data/data/com.termux/files/home/github/multiplierless-cpp/source/csdlowpass_oracle.cpp should add these lines:
#include <__tuple>                            // for tuple_element<>::type
#include <iosfwd>                             // for string
#include <xtensor/xarray.hpp>                 // for xarray_container
#include <xtensor/xcontainer.hpp>             // for xcontainer
#include <xtensor/xfunction.hpp>              // for xfunction
#include <xtensor/xmath.hpp>                  // for sum
#include <xtensor/xoperation.hpp>             // for xfunction_type_t, opera...
#include <xtensor/xreducer.hpp>               // for xreducer, xreducer<>::c...
#include <xtensor/xsemantic.hpp>              // for xsemantic_base
#include "multiplierless/lowpass_oracle.hpp"  // for lowpass_oracle

/data/data/com.termux/files/home/github/multiplierless-cpp/source/csdlowpass_oracle.cpp should remove these lines:
- #include <string>  // lines 2-2
- #include <string_view>  // lines 3-3
- #include <xtensor/xview.hpp>  // lines 4-4

The full include-list for /data/data/com.termux/files/home/github/multiplierless-cpp/source/csdlowpass_oracle.cpp:
#include <multiplierless/csdlowpass_oracle.hpp>
#include <__tuple>                            // for tuple_element<>::type
#include <iosfwd>                             // for string
#include <xtensor/xarray.hpp>                 // for xarray_container
#include <xtensor/xcontainer.hpp>             // for xcontainer
#include <xtensor/xfunction.hpp>              // for xfunction
#include <xtensor/xmath.hpp>                  // for sum
#include <xtensor/xoperation.hpp>             // for xfunction_type_t, opera...
#include <xtensor/xreducer.hpp>               // for xreducer, xreducer<>::c...
#include <xtensor/xsemantic.hpp>              // for xsemantic_base
#include "multiplierless/lowpass_oracle.hpp"  // for lowpass_oracle
---

[ 20%] Building CXX object CMakeFiles/Multiplierless.dir/source/greeter.cpp.o
Warning: include-what-you-use reported diagnostics:

/data/data/com.termux/files/home/github/multiplierless-cpp/source/greeter.cpp should add these lines:
#include <iosfwd>                    // for string
#include <string>                    // for basic_string
#include <type_traits>               // for move

/data/data/com.termux/files/home/github/multiplierless-cpp/source/greeter.cpp should remove these lines:
- #include <fmt/format.h>  // lines 1-1

The full include-list for /data/data/com.termux/files/home/github/multiplierless-cpp/source/greeter.cpp:
#include <multiplierless/greeter.h>  // for Multiplierless, multiplierless
#include <iosfwd>                    // for string
#include <string>                    // for basic_string
#include <type_traits>               // for move
---

[ 26%] Building CXX object CMakeFiles/Multiplierless.dir/source/lowpass_oracle.cpp.o
Warning: include-what-you-use reported diagnostics:

/data/data/com.termux/files/home/github/multiplierless-cpp/source/lowpass_oracle.cpp should add these lines:
#include <stddef.h>                           // for size_t
#include <tuple>                              // for tuple
#include <type_traits>                        // for move
#include <vector>                             // for vector, vector<>::size_...
#include <xtensor/xaccessible.hpp>            // for xconst_accessible, xacc...
#include <xtensor/xarray.hpp>                 // for xarray_container
#include <xtensor/xbroadcast.hpp>             // for xbroadcast
#include <xtensor/xbuilder.hpp>               // for zeros, concatenate, lin...
#include <xtensor/xcontainer.hpp>             // for xcontainer<>::inner_sha...
#include <xtensor/xexception.hpp>             // for throw_concatenate_error
#include <xtensor/xgenerator.hpp>             // for xgenerator
#include <xtensor/xlayout.hpp>                // for layout_type, layout_typ...
#include <xtensor/xmath.hpp>                  // for sum
#include <xtensor/xoperation.hpp>             // for xfunction_type_t, opera...
#include <xtensor/xreducer.hpp>               // for xreducer
#include <xtensor/xslice.hpp>                 // for all, range, xtuph, _
#include <xtensor/xtensor_forward.hpp>        // for xarray
#include <xtensor/xutils.hpp>                 // for accumulate

/data/data/com.termux/files/home/github/multiplierless-cpp/source/lowpass_oracle.cpp should remove these lines:
- #include <complex>  // lines 2-2

The full include-list for /data/data/com.termux/files/home/github/multiplierless-cpp/source/lowpass_oracle.cpp:
#include <stddef.h>                           // for size_t
#include <cmath>                              // for pow, log10, M_PI, cos
#include <multiplierless/lowpass_oracle.hpp>  // for lowpass_oracle, filter_...
#include <tuple>                              // for tuple
#include <type_traits>                        // for move
#include <vector>                             // for vector, vector<>::size_...
#include <xtensor/xaccessible.hpp>            // for xconst_accessible, xacc...
#include <xtensor/xarray.hpp>                 // for xarray_container
#include <xtensor/xbroadcast.hpp>             // for xbroadcast
#include <xtensor/xbuilder.hpp>               // for zeros, concatenate, lin...
#include <xtensor/xcontainer.hpp>             // for xcontainer<>::inner_sha...
#include <xtensor/xexception.hpp>             // for throw_concatenate_error
#include <xtensor/xgenerator.hpp>             // for xgenerator
#include <xtensor/xlayout.hpp>                // for layout_type, layout_typ...
#include <xtensor/xmath.hpp>                  // for sum
#include <xtensor/xoperation.hpp>             // for xfunction_type_t, opera...
#include <xtensor/xreducer.hpp>               // for xreducer
#include <xtensor/xslice.hpp>                 // for all, range, xtuph, _
#include <xtensor/xtensor_forward.hpp>        // for xarray
#include <xtensor/xutils.hpp>                 // for accumulate
#include <xtensor/xview.hpp>                  // for xview, view
---

[ 33%] Building CXX object CMakeFiles/Multiplierless.dir/source/rootfinding.cpp.o
Warning: include-what-you-use reported diagnostics:

/data/data/com.termux/files/home/github/multiplierless-cpp/source/rootfinding.cpp should add these lines:
#include <stddef.h>                        // for size_t
#include <__bit_reference>                 // for __bit_reference
#include <algorithm>                       // for max
#include <functional>                      // for __base
#include <future>                          // for future
#include <thread>                          // for thread
#include <tuple>                           // for tuple
#include <vector>                          // for vector, vector<>::reference
#include "multiplierless/matrix2.hpp"      // for matrix2
#include "multiplierless/vector2.hpp"      // for vector2, operator/, operator-

/data/data/com.termux/files/home/github/multiplierless-cpp/source/rootfinding.cpp should remove these lines:

The full include-list for /data/data/com.termux/files/home/github/multiplierless-cpp/source/rootfinding.cpp:
#include <ThreadPool.h>                    // for ThreadPool
#include <stddef.h>                        // for size_t
#include <__bit_reference>                 // for __bit_reference
#include <algorithm>                       // for max
#include <cmath>                           // for abs, acos, cos, pow
#include <functional>                      // for __base
#include <future>                          // for future
#include <multiplierless/rootfinding.hpp>  // for vec2, Options, mat2, check...
#include <thread>                          // for thread
#include <tuple>                           // for tuple
#include <vector>                          // for vector, vector<>::reference
#include "multiplierless/matrix2.hpp"      // for matrix2
#include "multiplierless/vector2.hpp"      // for vector2, operator/, operator-
---

[ 40%] Building CXX object CMakeFiles/Multiplierless.dir/source/spectral_fact.cpp.o
Warning: include-what-you-use reported diagnostics:

/data/data/com.termux/files/home/github/multiplierless-cpp/source/spectral_fact.cpp should add these lines:
#include <cmath>                           // for cos, M_PI
#include <tuple>                           // for tuple
#include <xflens/cxxblas/level1/dot.tcc>   // for dot, dotu
#include <xflens/cxxblas/level2/gemv.tcc>  // for gemv
#include <xtensor/xaccessible.hpp>         // for xaccessible
#include <xtensor/xbroadcast.hpp>          // for xbroadcast
#include <xtensor/xcontainer.hpp>          // for xcontainer, xcontainer<>::...
#include <xtensor/xeval.hpp>               // for eval
#include <xtensor/xexception.hpp>          // for throw_concatenate_error
#include <xtensor/xfunction.hpp>           // for xfunction
#include <xtensor/xgenerator.hpp>          // for xgenerator
#include <xtensor/xiterator.hpp>           // for linear_begin
#include <xtensor/xlayout.hpp>             // for layout_type, layout_type::...
#include <xtensor/xoperation.hpp>          // for xfunction_type_t, operator*
#include <xtensor/xreducer.hpp>            // for xreducer
#include <xtensor/xslice.hpp>              // for range, xtuph, _
#include <xtensor/xtensor_forward.hpp>     // for xarray
#include <xtensor/xutils.hpp>              // for accumulate

/data/data/com.termux/files/home/github/multiplierless-cpp/source/spectral_fact.cpp should remove these lines:
- #include <cassert>  // lines 1-1
- #include <xtensor-fftw/helper.hpp>  // lines 10-10
- #include <xtensor/xio.hpp>  // lines 13-13

The full include-list for /data/data/com.termux/files/home/github/multiplierless-cpp/source/spectral_fact.cpp:
#include <cmath>                           // for cos, M_PI
#include <complex>                         // for complex, operator*, operator-
#include <tuple>                           // for tuple
#include <xflens/cxxblas/level1/dot.tcc>   // for dot, dotu
#include <xflens/cxxblas/level2/gemv.tcc>  // for gemv
#include <xtensor-blas/xlinalg.hpp>        // for dot
#include <xtensor-fftw/basic.hpp>          // for irfft, rfft
#include <xtensor/xaccessible.hpp>         // for xaccessible
#include <xtensor/xarray.hpp>              // for xarray_container
#include <xtensor/xbroadcast.hpp>          // for xbroadcast
#include <xtensor/xbuilder.hpp>            // for zeros, concatenate, linspace
#include <xtensor/xcontainer.hpp>          // for xcontainer, xcontainer<>::...
#include <xtensor/xeval.hpp>               // for eval
#include <xtensor/xexception.hpp>          // for throw_concatenate_error
#include <xtensor/xfunction.hpp>           // for xfunction
#include <xtensor/xgenerator.hpp>          // for xgenerator
#include <xtensor/xiterator.hpp>           // for linear_begin
#include <xtensor/xlayout.hpp>             // for layout_type, layout_type::...
#include <xtensor/xmath.hpp>               // for abs, exp, log, sum, abs_fun
#include <xtensor/xoperation.hpp>          // for xfunction_type_t, operator*
#include <xtensor/xreducer.hpp>            // for xreducer
#include <xtensor/xslice.hpp>              // for range, xtuph, _
#include <xtensor/xtensor_forward.hpp>     // for xarray
#include <xtensor/xutils.hpp>              // for accumulate
#include <xtensor/xview.hpp>               // for xview, view
---

[ 46%] Linking CXX static library libMultiplierless.a
[ 46%] Built target Multiplierless
[ 53%] Building CXX object test/CMakeFiles/MultiplierlessTests.dir/source/main.cpp.o
[ 60%] Building CXX object test/CMakeFiles/MultiplierlessTests.dir/source/test_csdlowpass.cpp.o
Warning: include-what-you-use reported diagnostics:

/data/data/com.termux/files/home/github/multiplierless-cpp/test/source/test_csdlowpass.cpp should add these lines:
#include <ellalgo/cut_config.hpp>                // for Options
#include <type_traits>                           // for move, add_const<>::type
#include <xtensor/xlayout.hpp>                   // for layout_type, layout_...
#include <xtensor/xtensor_forward.hpp>           // for xarray
class lowpass_oracle;

/data/data/com.termux/files/home/github/multiplierless-cpp/test/source/test_csdlowpass.cpp should remove these lines:
- #include <doctest/doctest.h>  // lines 2-2
- #include <cmath>  // lines 4-4
- #include <complex>  // lines 5-5
- #include <limits>  // lines 9-9
- #include <xtensor/xview.hpp>  // lines 13-13

The full include-list for /data/data/com.termux/files/home/github/multiplierless-cpp/test/source/test_csdlowpass.cpp:
#include <ellalgo/cut_config.hpp>                // for Options
#include <ellalgo/cutting_plane.hpp>             // for cutting_plane_q
#include <ellalgo/ell.hpp>                       // for ell
#include <ellalgo/utility.hpp>                   // for zeros
#include <multiplierless/csdlowpass_oracle.hpp>  // for csdlowpass_oracle
#include <tuple>                                 // for make_tuple, tuple
#include <type_traits>                           // for move, add_const<>::type
#include <xtensor/xlayout.hpp>                   // for layout_type, layout_...
#include <xtensor/xtensor_forward.hpp>           // for xarray
class lowpass_oracle;
---

[ 66%] Building CXX object test/CMakeFiles/MultiplierlessTests.dir/source/test_integers.cpp.o
[ 73%] Building CXX object test/CMakeFiles/MultiplierlessTests.dir/source/test_lowpass.cpp.o
Warning: include-what-you-use reported diagnostics:

/data/data/com.termux/files/home/github/multiplierless-cpp/test/source/test_lowpass.cpp should add these lines:
#include <ellalgo/cut_config.hpp>             // for Options
#include <type_traits>                        // for move, add_const<>::type

/data/data/com.termux/files/home/github/multiplierless-cpp/test/source/test_lowpass.cpp should remove these lines:

The full include-list for /data/data/com.termux/files/home/github/multiplierless-cpp/test/source/test_lowpass.cpp:
#include <doctest/doctest.h>                  // for ResultBuilder, CHECK
#include <ellalgo/cut_config.hpp>             // for Options
#include <ellalgo/cutting_plane.hpp>          // for cutting_plane_dc
#include <ellalgo/ell.hpp>                    // for ell
#include <ellalgo/utility.hpp>                // for zeros
#include <multiplierless/lowpass_oracle.hpp>  // for filter_design_construct
#include <tuple>                              // for make_tuple, tuple
#include <type_traits>                        // for move, add_const<>::type
---

[ 80%] Building CXX object test/CMakeFiles/MultiplierlessTests.dir/source/test_rootfinding.cpp.o
Warning: include-what-you-use reported diagnostics:

/data/data/com.termux/files/home/github/multiplierless-cpp/test/source/test_rootfinding.cpp should add these lines:
#include <vector>                          // for vector
#include "format.h"                        // for print
#include "multiplierless/vector2.hpp"      // for vector2

/data/data/com.termux/files/home/github/multiplierless-cpp/test/source/test_rootfinding.cpp should remove these lines:
- #include <fmt/ranges.h>  // lines 4-4

The full include-list for /data/data/com.termux/files/home/github/multiplierless-cpp/test/source/test_rootfinding.cpp:
#include <doctest/doctest.h>               // for ResultBuilder, CHECK, TEST...
#include <multiplierless/rootfinding.hpp>  // for horner, initial_guess, pba...
#include <vector>                          // for vector
#include "format.h"                        // for print
#include "multiplierless/vector2.hpp"      // for vector2
---

[ 86%] Linking CXX executable MultiplierlessTests
[ 86%] Built target MultiplierlessTests
[ 93%] Building CXX object standalone/CMakeFiles/MultiplierlessStandalone.dir/source/main.cpp.o
Warning: include-what-you-use reported diagnostics:

/data/data/com.termux/files/home/github/multiplierless-cpp/standalone/source/main.cpp should add these lines:
#include <memory>                    // for shared_ptr

/data/data/com.termux/files/home/github/multiplierless-cpp/standalone/source/main.cpp should remove these lines:

The full include-list for /data/data/com.termux/files/home/github/multiplierless-cpp/standalone/source/main.cpp:
#include <multiplierless/greeter.h>  // for LanguageCode, LanguageCode::DE
#include <multiplierless/version.h>  // for MULTIPLIERLESS_VERSION
#include <cxxopts.hpp>               // for value, OptionAdder, Options, Opt...
#include <iostream>                  // for string, operator<<, endl, basic_...
#include <memory>                    // for shared_ptr
#include <string>                    // for char_traits, hash, operator==
#include <unordered_map>             // for operator==, unordered_map, __has...
---

[100%] Linking CXX executable Multiplierless
[100%] Built target MultiplierlessStandalone
